TN:
SF:/Users/jamessherry/Sites/ka2/client/views/cupboard/cupboard.controller.js
FN:8,CupboardCtrl
FN:16,(anonymous_2)
FN:31,(anonymous_3)
FN:46,(anonymous_4)
FN:53,remove
FN:57,toggleEdit
FN:61,sortBy
FN:90,unreserve
FN:96,showReserveModal
FN:103,modalController
FN:117,reserve
FNF:11
FNH:0
FNDA:0,CupboardCtrl
FNDA:0,(anonymous_2)
FNDA:0,(anonymous_3)
FNDA:0,(anonymous_4)
FNDA:0,remove
FNDA:0,toggleEdit
FNDA:0,sortBy
FNDA:0,unreserve
FNDA:0,showReserveModal
FNDA:0,modalController
FNDA:0,reserve
DA:3,1
DA:6,1
DA:8,1
DA:10,0
DA:12,0
DA:16,0
DA:18,0
DA:19,0
DA:21,0
DA:22,0
DA:23,0
DA:24,0
DA:25,0
DA:26,0
DA:27,0
DA:31,0
DA:32,0
DA:33,0
DA:34,0
DA:35,0
DA:36,0
DA:37,0
DA:41,0
DA:45,0
DA:46,0
DA:47,0
DA:53,1
DA:54,0
DA:57,1
DA:58,0
DA:61,1
DA:62,0
DA:63,0
DA:65,0
DA:66,0
DA:67,0
DA:68,0
DA:70,0
DA:71,0
DA:72,0
DA:73,0
DA:75,0
DA:76,0
DA:77,0
DA:78,0
DA:80,0
DA:81,0
DA:82,0
DA:83,0
DA:86,0
DA:90,1
DA:91,0
DA:92,0
DA:93,0
DA:96,1
DA:97,0
DA:98,0
DA:99,0
DA:101,0
DA:104,0
DA:105,0
DA:107,0
DA:108,0
DA:109,0
DA:110,0
DA:111,0
DA:117,1
DA:118,0
DA:119,0
DA:122,0
LF:70
LH:9
BRDA:24,1,0,0
BRDA:24,1,1,0
BRDA:36,2,0,0
BRDA:36,2,1,0
BRDA:36,3,0,0
BRDA:36,3,1,0
BRDA:63,4,0,0
BRDA:63,4,1,0
BRDA:63,4,2,0
BRDA:63,4,3,0
BRF:10
BRH:0
end_of_record
TN:
SF:/Users/jamessherry/Sites/ka2/client/views/cupboard/cupboard.js
FN:4,(anonymous_1)
FNF:1
FNH:1
FNDA:10,(anonymous_1)
DA:3,1
DA:5,10
LF:2
LH:2
BRF:0
BRH:0
end_of_record
TN:
SF:/Users/jamessherry/Sites/ka2/client/views/food-calendar/food-calendar.controller.js
FN:9,FoodCalendarCtrl
FN:16,(anonymous_2)
FN:36,showModal
FN:40,modalController
FN:45,(anonymous_5)
FN:55,eventClicked
FN:62,eventEdited
FN:66,eventDeleted
FN:70,calclickalert
FN:79,setCalendarToToday
FN:83,drillDownClick
FNF:11
FNH:0
FNDA:0,FoodCalendarCtrl
FNDA:0,(anonymous_2)
FNDA:0,showModal
FNDA:0,modalController
FNDA:0,(anonymous_5)
FNDA:0,eventClicked
FNDA:0,eventEdited
FNDA:0,eventDeleted
FNDA:0,calclickalert
FNDA:0,setCalendarToToday
FNDA:0,drillDownClick
DA:3,1
DA:6,1
DA:9,1
DA:11,0
DA:13,0
DA:15,0
DA:16,0
DA:17,0
DA:18,0
DA:22,0
DA:23,0
DA:24,0
DA:25,0
DA:28,0
DA:29,0
DA:32,0
DA:33,0
DA:36,0
DA:37,0
DA:38,0
DA:41,0
DA:42,0
DA:43,0
DA:44,0
DA:45,0
DA:46,0
DA:47,0
DA:48,0
DA:50,0
DA:55,0
DA:56,0
DA:58,0
DA:59,0
DA:62,0
DA:63,0
DA:66,0
DA:67,0
DA:70,0
DA:71,0
DA:72,0
DA:73,0
DA:74,0
DA:75,0
DA:76,0
DA:79,0
DA:80,0
DA:83,0
DA:84,0
DA:85,0
LF:49
LH:3
BRDA:71,1,0,0
BRDA:71,1,1,0
BRF:2
BRH:0
end_of_record
TN:
SF:/Users/jamessherry/Sites/ka2/client/views/food-calendar/food-calendar.js
FN:4,(anonymous_1)
FNF:1
FNH:1
FNDA:10,(anonymous_1)
DA:3,1
DA:5,10
LF:2
LH:2
BRF:0
BRH:0
end_of_record
TN:
SF:/Users/jamessherry/Sites/ka2/client/views/home/home.controller.js
FN:4,(anonymous_1)
FNF:1
FNH:0
FNDA:0,(anonymous_1)
DA:3,1
DA:6,0
DA:8,0
LF:3
LH:1
BRF:0
BRH:0
end_of_record
TN:
SF:/Users/jamessherry/Sites/ka2/client/views/home/home.js
FN:4,(anonymous_1)
FNF:1
FNH:1
FNDA:10,(anonymous_1)
DA:3,1
DA:5,10
LF:2
LH:2
BRF:0
BRH:0
end_of_record
TN:
SF:/Users/jamessherry/Sites/ka2/client/views/ingredients/ingredients.add.controller.js
FN:1,(anonymous_1)
FN:9,IngredientsAddCtrl
FN:14,handlePrice
FN:32,addIngredient
FNF:4
FNH:1
FNDA:1,(anonymous_1)
FNDA:0,IngredientsAddCtrl
FNDA:0,handlePrice
FNDA:0,addIngredient
DA:1,1
DA:4,1
DA:7,1
DA:9,1
DA:12,0
DA:14,1
DA:15,0
DA:17,0
DA:19,0
DA:20,0
DA:22,0
DA:23,0
DA:26,0
DA:28,0
DA:32,1
DA:33,0
DA:35,0
DA:37,0
DA:39,0
DA:40,0
DA:41,0
DA:45,0
LF:22
LH:6
BRDA:19,1,0,0
BRDA:19,1,1,0
BRDA:22,2,0,0
BRDA:22,2,1,0
BRF:4
BRH:0
end_of_record
TN:
SF:/Users/jamessherry/Sites/ka2/client/views/ingredients/ingredients.js
FN:4,(anonymous_1)
FNF:1
FNH:1
FNDA:10,(anonymous_1)
DA:3,1
DA:5,10
LF:2
LH:2
BRF:0
BRH:0
end_of_record
TN:
SF:/Users/jamessherry/Sites/ka2/client/views/ingredients/ingredients.list.controller.js
FN:1,(anonymous_1)
FN:9,IngredientsCtrl
FN:37,(anonymous_3)
FN:40,(anonymous_4)
FN:45,(anonymous_5)
FN:53,(anonymous_6)
FN:57,addToCupboard
FN:77,addToShopping
FN:85,clear
FNF:9
FNH:1
FNDA:1,(anonymous_1)
FNDA:0,IngredientsCtrl
FNDA:0,(anonymous_3)
FNDA:0,(anonymous_4)
FNDA:0,(anonymous_5)
FNDA:0,(anonymous_6)
FNDA:0,addToCupboard
FNDA:0,addToShopping
FNDA:0,clear
DA:1,1
DA:4,1
DA:7,1
DA:9,1
DA:11,0
DA:13,0
DA:14,0
DA:16,0
DA:20,0
DA:34,0
DA:37,0
DA:39,0
DA:40,0
DA:41,0
DA:42,0
DA:45,0
DA:46,0
DA:47,0
DA:51,0
DA:53,0
DA:54,0
DA:57,1
DA:58,0
DA:59,0
DA:60,0
DA:61,0
DA:63,0
DA:64,0
DA:69,0
DA:73,0
DA:77,1
DA:78,0
DA:79,0
DA:80,0
DA:81,0
DA:82,0
DA:85,1
DA:86,0
DA:87,0
DA:91,0
LF:40
LH:7
BRF:0
BRH:0
end_of_record
TN:
SF:/Users/jamessherry/Sites/ka2/client/views/login/login.controller.js
FN:8,LoginCtrl
FN:19,(anonymous_2)
FN:21,(anonymous_3)
FN:26,(anonymous_4)
FNF:4
FNH:0
FNDA:0,LoginCtrl
FNDA:0,(anonymous_2)
FNDA:0,(anonymous_3)
FNDA:0,(anonymous_4)
DA:3,1
DA:6,1
DA:8,1
DA:9,0
DA:10,0
DA:12,0
DA:20,0
DA:22,0
DA:23,0
DA:28,0
LF:10
LH:3
BRF:0
BRH:0
end_of_record
TN:
SF:/Users/jamessherry/Sites/ka2/client/views/login/login.js
FN:4,(anonymous_1)
FNF:1
FNH:1
FNDA:10,(anonymous_1)
DA:3,1
DA:5,10
LF:2
LH:2
BRF:0
BRH:0
end_of_record
TN:
SF:/Users/jamessherry/Sites/ka2/client/views/login/login.page.js
FN:3,(anonymous_1)
FNF:1
FNH:0
FNDA:0,(anonymous_1)
DA:3,1
DA:4,0
DA:5,0
DA:6,0
LF:4
LH:1
BRF:0
BRH:0
end_of_record
TN:
SF:/Users/jamessherry/Sites/ka2/client/views/meals/meals.controller.js
FN:8,MealsCtrl
FN:19,(anonymous_2)
FN:24,(anonymous_3)
FN:31,createMeal
FN:37,removeMeal
FN:42,placeMeal
FNF:6
FNH:0
FNDA:0,MealsCtrl
FNDA:0,(anonymous_2)
FNDA:0,(anonymous_3)
FNDA:0,createMeal
FNDA:0,removeMeal
FNDA:0,placeMeal
DA:3,1
DA:6,1
DA:8,1
DA:10,0
DA:12,0
DA:19,0
DA:20,0
DA:21,0
DA:24,0
DA:25,0
DA:26,0
DA:27,0
DA:31,1
DA:32,0
DA:33,0
DA:34,0
DA:37,1
DA:38,0
DA:39,0
DA:42,1
DA:43,0
DA:47,0
LF:22
LH:6
BRF:0
BRH:0
end_of_record
TN:
SF:/Users/jamessherry/Sites/ka2/client/views/meals/meals.js
FN:4,(anonymous_1)
FNF:1
FNH:1
FNDA:10,(anonymous_1)
DA:3,1
DA:5,10
LF:2
LH:2
BRF:0
BRH:0
end_of_record
TN:
SF:/Users/jamessherry/Sites/ka2/client/views/profile/profile.controller.js
FN:8,ProfileCtrl
FNF:1
FNH:0
FNDA:0,ProfileCtrl
DA:3,1
DA:6,1
DA:8,1
DA:10,0
DA:12,0
DA:14,0
LF:6
LH:3
BRF:0
BRH:0
end_of_record
TN:
SF:/Users/jamessherry/Sites/ka2/client/views/profile/profile.js
FN:4,(anonymous_1)
FNF:1
FNH:1
FNDA:10,(anonymous_1)
DA:3,1
DA:5,10
LF:2
LH:2
BRF:0
BRH:0
end_of_record
TN:
SF:/Users/jamessherry/Sites/ka2/client/views/recipes/recipes.add.controller.js
FN:9,RecipesAddCtrl
FN:18,saveRecipe
FN:29,(anonymous_3)
FNF:3
FNH:0
FNDA:0,RecipesAddCtrl
FNDA:0,saveRecipe
FNDA:0,(anonymous_3)
DA:3,1
DA:6,1
DA:9,1
DA:11,0
DA:18,1
DA:19,0
DA:21,0
DA:22,0
DA:23,0
DA:24,0
DA:27,0
DA:29,0
DA:30,0
DA:34,0
LF:14
LH:4
BRF:0
BRH:0
end_of_record
TN:
SF:/Users/jamessherry/Sites/ka2/client/views/recipes/recipes.js
FN:4,(anonymous_1)
FNF:1
FNH:1
FNDA:10,(anonymous_1)
DA:3,1
DA:5,10
LF:2
LH:2
BRF:0
BRH:0
end_of_record
TN:
SF:/Users/jamessherry/Sites/ka2/client/views/recipes/recipes.list.controller.js
FN:9,RecipesCtrl
FN:35,(anonymous_2)
FN:38,(anonymous_3)
FNF:3
FNH:0
FNDA:0,RecipesCtrl
FNDA:0,(anonymous_2)
FNDA:0,(anonymous_3)
DA:3,1
DA:6,1
DA:9,1
DA:11,0
DA:18,0
DA:20,0
DA:24,0
DA:35,0
DA:38,0
DA:39,0
DA:40,0
DA:41,0
DA:43,0
DA:44,0
DA:45,0
DA:46,0
DA:49,0
DA:54,0
LF:18
LH:3
BRDA:40,1,0,0
BRDA:40,1,1,0
BRF:2
BRH:0
end_of_record
TN:
SF:/Users/jamessherry/Sites/ka2/client/views/shop/budget.controller.js
FN:8,BudgetCtrl
FN:17,(anonymous_2)
FN:43,(anonymous_3)
FN:50,(anonymous_4)
FNF:4
FNH:0
FNDA:0,BudgetCtrl
FNDA:0,(anonymous_2)
FNDA:0,(anonymous_3)
FNDA:0,(anonymous_4)
DA:3,1
DA:6,1
DA:8,1
DA:10,0
DA:12,0
DA:16,0
DA:17,0
DA:18,0
DA:19,0
DA:20,0
DA:21,0
DA:25,0
DA:44,0
DA:51,0
DA:59,0
LF:15
LH:3
BRF:0
BRH:0
end_of_record
TN:
SF:/Users/jamessherry/Sites/ka2/client/views/shop/shop.controller.js
FN:8,ShopCtrl
FN:18,buy
FN:22,(anonymous_3)
FN:29,remove
FN:34,(anonymous_5)
FN:35,(anonymous_6)
FN:47,(anonymous_7)
FNF:7
FNH:0
FNDA:0,ShopCtrl
FNDA:0,buy
FNDA:0,(anonymous_3)
FNDA:0,remove
FNDA:0,(anonymous_5)
FNDA:0,(anonymous_6)
FNDA:0,(anonymous_7)
DA:3,1
DA:6,1
DA:8,1
DA:10,0
DA:12,0
DA:16,0
DA:18,1
DA:19,0
DA:20,0
DA:21,0
DA:22,0
DA:23,0
DA:24,0
DA:29,1
DA:30,0
DA:31,0
DA:34,0
DA:35,0
DA:37,0
DA:38,0
DA:39,0
DA:40,0
DA:41,0
DA:42,0
DA:43,0
DA:47,0
DA:48,0
DA:49,0
DA:51,0
DA:57,0
LF:30
LH:5
BRDA:23,1,0,0
BRDA:23,1,1,0
BRDA:42,2,0,0
BRDA:42,2,1,0
BRF:4
BRH:0
end_of_record
TN:
SF:/Users/jamessherry/Sites/ka2/client/views/shop/shop.js
FN:4,(anonymous_1)
FNF:1
FNH:1
FNDA:10,(anonymous_1)
DA:3,1
DA:5,10
LF:2
LH:2
BRF:0
BRH:0
end_of_record
TN:
SF:/Users/jamessherry/Sites/ka2/client/views/signup/signup.controller.js
FN:4,(anonymous_1)
FN:95,(anonymous_2)
FN:97,(anonymous_3)
FN:100,(anonymous_4)
FNF:4
FNH:0
FNDA:0,(anonymous_1)
FNDA:0,(anonymous_2)
FNDA:0,(anonymous_3)
FNDA:0,(anonymous_4)
DA:3,1
DA:6,0
DA:88,0
DA:96,0
DA:98,0
DA:101,0
DA:102,0
DA:104,0
LF:8
LH:1
BRDA:101,1,0,0
BRDA:101,1,1,0
BRDA:101,2,0,0
BRDA:101,2,1,0
BRDA:101,2,2,0
BRDA:101,2,3,0
BRF:6
BRH:0
end_of_record
TN:
SF:/Users/jamessherry/Sites/ka2/client/views/signup/signup.js
FN:4,(anonymous_1)
FNF:1
FNH:1
FNDA:10,(anonymous_1)
DA:3,1
DA:5,10
LF:2
LH:2
BRF:0
BRH:0
end_of_record
TN:
SF:/Users/jamessherry/Sites/ka2/client/services/auth/auth.js
FN:4,(anonymous_1)
FN:10,(anonymous_2)
FN:13,(anonymous_3)
FN:24,(anonymous_4)
FN:27,(anonymous_5)
FN:32,(anonymous_6)
FN:44,(anonymous_7)
FN:47,(anonymous_8)
FN:52,(anonymous_9)
FN:61,(anonymous_10)
FN:72,(anonymous_11)
FN:81,(anonymous_12)
FN:112,checkAuthorised
FNF:13
FNH:1
FNDA:10,(anonymous_1)
FNDA:0,(anonymous_2)
FNDA:0,(anonymous_3)
FNDA:0,(anonymous_4)
FNDA:0,(anonymous_5)
FNDA:0,(anonymous_6)
FNDA:0,(anonymous_7)
FNDA:0,(anonymous_8)
FNDA:0,(anonymous_9)
FNDA:0,(anonymous_10)
FNDA:0,(anonymous_11)
FNDA:0,(anonymous_12)
FNDA:0,checkAuthorised
DA:3,1
DA:6,10
DA:8,10
DA:9,0
DA:11,0
DA:14,0
DA:24,10
DA:25,0
DA:26,0
DA:28,0
DA:29,0
DA:30,0
DA:33,0
DA:35,0
DA:44,10
DA:45,0
DA:46,0
DA:48,0
DA:49,0
DA:50,0
DA:53,0
DA:55,0
DA:61,10
DA:62,0
DA:63,0
DA:64,0
DA:72,10
DA:73,0
DA:81,10
DA:82,0
DA:112,10
DA:113,0
DA:114,0
LF:33
LH:9
BRDA:8,1,0,0
BRDA:8,1,1,10
BRDA:113,2,0,0
BRDA:113,2,1,0
BRF:4
BRH:1
end_of_record
TN:
SF:/Users/jamessherry/Sites/ka2/client/services/cupboard/cupboard.js
FN:1,(anonymous_1)
FN:9,Cupboard
FN:14,getCupboard
FN:18,setCupboard
FN:22,getOwner
FN:42,init
FN:47,(anonymous_7)
FN:50,(anonymous_8)
FN:57,populate
FN:66,(anonymous_10)
FN:83,get
FN:96,add
FN:110,CBSuccess
FN:117,(anonymous_14)
FN:122,CBError
FN:138,bulkAdd
FN:140,(anonymous_17)
FN:145,update
FN:154,CBSuccess
FN:159,CBError
FN:169,remove
FN:174,CBSuccess
FN:179,CBError
FN:191,bulkRemove
FN:193,(anonymous_25)
FN:200,handleMealDelete
FN:203,(anonymous_27)
FN:204,(anonymous_28)
FN:216,reserve
FN:221,CBSuccess
FN:226,CBError
FN:244,bulkReserve
FN:246,(anonymous_33)
FN:254,process
FN:261,(anonymous_35)
FN:262,(anonymous_36)
FN:292,addLocal
FN:296,(anonymous_38)
FN:299,add
FN:313,(anonymous_40)
FN:324,updateLocal
FN:328,(anonymous_42)
FN:336,reserveLocal
FN:340,(anonymous_44)
FN:348,removeLocal
FN:352,(anonymous_46)
FN:367,depopulate
FNF:47
FNH:1
FNDA:1,(anonymous_1)
FNDA:0,Cupboard
FNDA:0,getCupboard
FNDA:0,setCupboard
FNDA:0,getOwner
FNDA:0,init
FNDA:0,(anonymous_7)
FNDA:0,(anonymous_8)
FNDA:0,populate
FNDA:0,(anonymous_10)
FNDA:0,get
FNDA:0,add
FNDA:0,CBSuccess
FNDA:0,(anonymous_14)
FNDA:0,CBError
FNDA:0,bulkAdd
FNDA:0,(anonymous_17)
FNDA:0,update
FNDA:0,CBSuccess
FNDA:0,CBError
FNDA:0,remove
FNDA:0,CBSuccess
FNDA:0,CBError
FNDA:0,bulkRemove
FNDA:0,(anonymous_25)
FNDA:0,handleMealDelete
FNDA:0,(anonymous_27)
FNDA:0,(anonymous_28)
FNDA:0,reserve
FNDA:0,CBSuccess
FNDA:0,CBError
FNDA:0,bulkReserve
FNDA:0,(anonymous_33)
FNDA:0,process
FNDA:0,(anonymous_35)
FNDA:0,(anonymous_36)
FNDA:0,addLocal
FNDA:0,(anonymous_38)
FNDA:0,add
FNDA:0,(anonymous_40)
FNDA:0,updateLocal
FNDA:0,(anonymous_42)
FNDA:0,reserveLocal
FNDA:0,(anonymous_44)
FNDA:0,removeLocal
FNDA:0,(anonymous_46)
FNDA:0,depopulate
DA:1,1
DA:4,1
DA:7,1
DA:9,1
DA:11,0
DA:12,0
DA:14,0
DA:15,0
DA:18,0
DA:19,0
DA:22,0
DA:23,0
DA:26,0
DA:27,0
DA:28,0
DA:29,0
DA:30,0
DA:32,0
DA:42,1
DA:44,0
DA:45,0
DA:46,0
DA:48,0
DA:49,0
DA:50,0
DA:51,0
DA:52,0
DA:57,1
DA:58,0
DA:60,0
DA:61,0
DA:62,0
DA:63,0
DA:66,0
DA:67,0
DA:68,0
DA:69,0
DA:71,0
DA:74,0
DA:83,1
DA:84,0
DA:85,0
DA:96,1
DA:98,0
DA:99,0
DA:100,0
DA:104,0
DA:105,0
DA:107,0
DA:110,1
DA:111,0
DA:112,0
DA:113,0
DA:114,0
DA:115,0
DA:116,0
DA:117,0
DA:118,0
DA:122,1
DA:123,0
DA:124,0
DA:127,0
DA:134,0
DA:138,1
DA:139,0
DA:140,0
DA:141,0
DA:145,1
DA:146,0
DA:149,0
DA:151,0
DA:152,0
DA:154,1
DA:156,0
DA:159,1
DA:160,0
DA:161,0
DA:164,0
DA:169,1
DA:170,0
DA:172,0
DA:174,1
DA:175,0
DA:176,0
DA:179,1
DA:180,0
DA:183,0
DA:191,1
DA:192,0
DA:193,0
DA:194,0
DA:197,0
DA:200,1
DA:201,0
DA:203,0
DA:204,0
DA:205,0
DA:206,0
DA:207,0
DA:213,0
DA:216,1
DA:217,0
DA:219,0
DA:221,1
DA:222,0
DA:223,0
DA:226,1
DA:227,0
DA:228,0
DA:231,0
DA:244,1
DA:245,0
DA:246,0
DA:247,0
DA:250,0
DA:254,1
DA:255,0
DA:261,0
DA:262,0
DA:263,0
DA:265,0
DA:266,0
DA:267,0
DA:268,0
DA:269,0
DA:270,0
DA:274,0
DA:276,0
DA:278,0
DA:283,0
DA:289,0
DA:292,1
DA:293,0
DA:295,0
DA:296,0
DA:297,0
DA:299,1
DA:300,0
DA:301,0
DA:302,0
DA:305,0
DA:306,0
DA:309,0
DA:310,0
DA:313,0
DA:314,0
DA:315,0
DA:320,0
DA:324,1
DA:325,0
DA:327,0
DA:328,0
DA:329,0
DA:330,0
DA:332,0
DA:336,1
DA:337,0
DA:339,0
DA:340,0
DA:341,0
DA:342,0
DA:344,0
DA:348,1
DA:349,0
DA:351,0
DA:352,0
DA:353,0
DA:356,0
DA:357,0
DA:359,0
DA:362,0
DA:363,0
DA:367,1
DA:368,0
DA:369,0
DA:370,0
DA:373,0
DA:374,0
DA:376,0
DA:377,0
DA:379,0
DA:380,0
DA:384,0
DA:385,0
DA:387,0
LF:185
LH:30
BRDA:104,1,0,0
BRDA:104,1,1,0
BRDA:205,2,0,0
BRDA:205,2,1,0
BRDA:268,3,0,0
BRDA:268,3,1,0
BRDA:274,4,0,0
BRDA:274,4,1,0
BRDA:305,5,0,0
BRDA:305,5,1,0
BRDA:356,6,0,0
BRDA:356,6,1,0
BRDA:356,7,0,0
BRDA:356,7,1,0
BRDA:368,8,0,0
BRDA:368,8,1,0
BRDA:373,9,0,0
BRDA:373,9,1,0
BRDA:373,10,0,0
BRDA:373,10,1,0
BRDA:373,10,2,0
BRDA:376,11,0,0
BRDA:376,11,1,0
BRDA:376,12,0,0
BRDA:376,12,1,0
BRDA:376,12,2,0
BRDA:379,13,0,0
BRDA:379,13,1,0
BRDA:379,14,0,0
BRDA:379,14,1,0
BRDA:379,14,2,0
BRF:31
BRH:0
end_of_record
TN:
SF:/Users/jamessherry/Sites/ka2/client/services/ingredients/ingredients.js
FN:1,(anonymous_1)
FN:9,Ingredients
FN:14,init
FN:19,successCB
FN:25,errCB
FN:31,(anonymous_6)
FN:41,get
FN:46,save
FN:51,successCB
FN:56,errCB
FN:66,add
FN:71,(anonymous_12)
FN:77,populate
FN:81,(anonymous_14)
FN:89,getById
FN:93,(anonymous_16)
FNF:16
FNH:11
FNDA:1,(anonymous_1)
FNDA:10,Ingredients
FNDA:10,init
FNDA:9,successCB
FNDA:1,errCB
FNDA:9,(anonymous_6)
FNDA:5,get
FNDA:1,save
FNDA:1,successCB
FNDA:0,errCB
FNDA:2,add
FNDA:2,(anonymous_12)
FNDA:0,populate
FNDA:0,(anonymous_14)
FNDA:0,getById
FNDA:0,(anonymous_16)
DA:1,1
DA:4,1
DA:7,1
DA:9,1
DA:11,10
DA:14,1
DA:15,10
DA:16,10
DA:17,10
DA:19,1
DA:20,9
DA:21,9
DA:22,9
DA:25,1
DA:26,1
DA:27,1
DA:28,1
DA:31,10
DA:32,9
DA:33,9
DA:34,9
DA:35,9
DA:38,10
DA:41,1
DA:42,5
DA:43,5
DA:46,1
DA:47,1
DA:48,1
DA:49,1
DA:51,1
DA:52,1
DA:53,1
DA:56,1
DA:57,0
DA:58,0
DA:62,1
DA:66,1
DA:67,2
DA:68,2
DA:71,2
DA:72,2
DA:73,2
DA:77,1
DA:79,0
DA:81,0
DA:82,0
DA:83,0
DA:86,0
DA:89,1
DA:90,0
DA:91,0
DA:93,0
DA:94,0
DA:95,0
DA:98,0
DA:101,10
DA:103,10
LF:58
LH:45
BRF:0
BRH:0
end_of_record
TN:
SF:/Users/jamessherry/Sites/ka2/client/services/meals/meals.js
FN:1,(anonymous_1)
FN:9,Meals
FN:14,init
FN:19,successCB
FN:23,(anonymous_5)
FN:37,errCB
FN:46,get
FN:51,add
FN:56,(anonymous_9)
FN:60,successCB
FN:65,(anonymous_11)
FN:67,(anonymous_12)
FN:75,errCB
FN:89,addLocal
FN:95,(anonymous_15)
FN:107,createMealObject
FN:115,(anonymous_17)
FN:138,create
FN:142,(anonymous_19)
FN:143,(anonymous_20)
FN:151,depopulate
FN:172,update
FN:183,successCB
FN:188,(anonymous_24)
FN:193,errCB
FN:207,updateLocal
FN:210,(anonymous_27)
FN:218,remove
FN:226,CBSuccess
FN:231,CBError
FN:242,removeLocal
FN:246,(anonymous_32)
FN:260,getMealById
FN:264,(anonymous_34)
FN:272,obtainItem
FN:279,loseItem
FN:286,itemBought
FN:288,(anonymous_38)
FN:297,(anonymous_39)
FNF:39
FNH:1
FNDA:1,(anonymous_1)
FNDA:0,Meals
FNDA:0,init
FNDA:0,successCB
FNDA:0,(anonymous_5)
FNDA:0,errCB
FNDA:0,get
FNDA:0,add
FNDA:0,(anonymous_9)
FNDA:0,successCB
FNDA:0,(anonymous_11)
FNDA:0,(anonymous_12)
FNDA:0,errCB
FNDA:0,addLocal
FNDA:0,(anonymous_15)
FNDA:0,createMealObject
FNDA:0,(anonymous_17)
FNDA:0,create
FNDA:0,(anonymous_19)
FNDA:0,(anonymous_20)
FNDA:0,depopulate
FNDA:0,update
FNDA:0,successCB
FNDA:0,(anonymous_24)
FNDA:0,errCB
FNDA:0,updateLocal
FNDA:0,(anonymous_27)
FNDA:0,remove
FNDA:0,CBSuccess
FNDA:0,CBError
FNDA:0,removeLocal
FNDA:0,(anonymous_32)
FNDA:0,getMealById
FNDA:0,(anonymous_34)
FNDA:0,obtainItem
FNDA:0,loseItem
FNDA:0,itemBought
FNDA:0,(anonymous_38)
FNDA:0,(anonymous_39)
DA:1,1
DA:4,1
DA:7,1
DA:9,1
DA:11,0
DA:14,1
DA:15,0
DA:17,0
DA:19,1
DA:20,0
DA:22,0
DA:23,0
DA:24,0
DA:25,0
DA:27,0
DA:28,0
DA:29,0
DA:33,0
DA:34,0
DA:37,1
DA:38,0
DA:39,0
DA:40,0
DA:43,0
DA:46,1
DA:48,0
DA:51,1
DA:52,0
DA:53,0
DA:54,0
DA:56,0
DA:60,1
DA:61,0
DA:62,0
DA:63,0
DA:65,0
DA:66,0
DA:67,0
DA:68,0
DA:69,0
DA:70,0
DA:75,1
DA:76,0
DA:77,0
DA:81,0
DA:89,1
DA:90,0
DA:91,0
DA:93,0
DA:95,0
DA:96,0
DA:97,0
DA:99,0
DA:102,0
DA:107,1
DA:108,0
DA:113,0
DA:115,0
DA:117,0
DA:126,0
DA:127,0
DA:130,0
DA:134,0
DA:138,1
DA:139,0
DA:140,0
DA:142,0
DA:143,0
DA:144,0
DA:145,0
DA:151,1
DA:152,0
DA:157,0
DA:158,0
DA:161,0
DA:162,0
DA:166,0
DA:167,0
DA:169,0
DA:172,1
DA:173,0
DA:180,0
DA:181,0
DA:183,1
DA:184,0
DA:185,0
DA:186,0
DA:187,0
DA:188,0
DA:189,0
DA:193,1
DA:194,0
DA:195,0
DA:199,0
DA:204,0
DA:207,1
DA:208,0
DA:209,0
DA:210,0
DA:211,0
DA:212,0
DA:213,0
DA:218,1
DA:219,0
DA:221,0
DA:222,0
DA:224,0
DA:226,1
DA:227,0
DA:228,0
DA:231,1
DA:232,0
DA:235,0
DA:242,1
DA:243,0
DA:245,0
DA:246,0
DA:247,0
DA:249,0
DA:250,0
DA:252,0
DA:255,0
DA:256,0
DA:260,1
DA:261,0
DA:263,0
DA:264,0
DA:265,0
DA:266,0
DA:267,0
DA:269,0
DA:272,1
DA:273,0
DA:274,0
DA:275,0
DA:276,0
DA:279,1
DA:280,0
DA:281,0
DA:282,0
DA:283,0
DA:286,1
DA:287,0
DA:288,0
DA:289,0
DA:290,0
DA:292,0
DA:293,0
DA:296,0
DA:297,0
DA:298,0
DA:299,0
DA:305,0
DA:307,0
LF:154
LH:27
BRDA:96,1,0,0
BRDA:96,1,1,0
BRDA:126,2,0,0
BRDA:126,2,1,0
BRDA:249,3,0,0
BRDA:249,3,1,0
BRDA:292,4,0,0
BRDA:292,4,1,0
BRF:8
BRH:0
end_of_record
TN:
SF:/Users/jamessherry/Sites/ka2/client/services/recipes/recipes.js
FN:1,(anonymous_1)
FN:9,Recipes
FN:14,init
FN:19,successCB
FN:25,errCB
FN:31,(anonymous_6)
FN:40,get
FN:45,save
FN:50,successCB
FN:55,errCB
FN:64,add
FN:69,(anonymous_12)
FN:76,getRecipe
FNF:13
FNH:1
FNDA:1,(anonymous_1)
FNDA:0,Recipes
FNDA:0,init
FNDA:0,successCB
FNDA:0,errCB
FNDA:0,(anonymous_6)
FNDA:0,get
FNDA:0,save
FNDA:0,successCB
FNDA:0,errCB
FNDA:0,add
FNDA:0,(anonymous_12)
FNDA:0,getRecipe
DA:1,1
DA:4,1
DA:7,1
DA:9,1
DA:11,0
DA:14,1
DA:15,0
DA:16,0
DA:17,0
DA:19,1
DA:20,0
DA:21,0
DA:22,0
DA:25,1
DA:26,0
DA:27,0
DA:28,0
DA:31,0
DA:32,0
DA:33,0
DA:34,0
DA:37,0
DA:40,1
DA:41,0
DA:42,0
DA:45,1
DA:46,0
DA:47,0
DA:48,0
DA:50,1
DA:51,0
DA:52,0
DA:55,1
DA:56,0
DA:57,0
DA:61,0
DA:64,1
DA:65,0
DA:66,0
DA:69,0
DA:70,0
DA:71,0
DA:76,1
DA:77,0
DA:78,0
DA:79,0
DA:82,0
DA:84,0
LF:48
LH:13
BRF:0
BRH:0
end_of_record
TN:
SF:/Users/jamessherry/Sites/ka2/client/services/shopping/shopping.js
FN:1,(anonymous_1)
FN:9,Shopping
FN:14,getShopping
FN:18,setShopping
FN:22,getOwner
FN:46,init
FN:58,(anonymous_7)
FN:59,(anonymous_8)
FN:66,populate
FN:80,get
FN:95,add
FN:108,CBSuccess
FN:117,CBError
FN:132,bulkAdd
FN:134,(anonymous_15)
FN:178,remove
FN:187,CBSuccess
FN:199,bulkRemove
FN:201,(anonymous_19)
FN:208,handleMealDelete
FN:211,(anonymous_21)
FN:212,(anonymous_22)
FN:224,process
FN:230,(anonymous_24)
FN:231,(anonymous_25)
FN:247,addLocal
FN:253,(anonymous_27)
FN:279,removeLocal
FN:291,(anonymous_29)
FN:307,buy
FN:320,(anonymous_31)
FN:328,getPurchases
FN:339,(anonymous_33)
FN:340,(anonymous_34)
FN:348,getBudgetInformation
FN:356,(anonymous_36)
FNF:36
FNH:1
FNDA:1,(anonymous_1)
FNDA:0,Shopping
FNDA:0,getShopping
FNDA:0,setShopping
FNDA:0,getOwner
FNDA:0,init
FNDA:0,(anonymous_7)
FNDA:0,(anonymous_8)
FNDA:0,populate
FNDA:0,get
FNDA:0,add
FNDA:0,CBSuccess
FNDA:0,CBError
FNDA:0,bulkAdd
FNDA:0,(anonymous_15)
FNDA:0,remove
FNDA:0,CBSuccess
FNDA:0,bulkRemove
FNDA:0,(anonymous_19)
FNDA:0,handleMealDelete
FNDA:0,(anonymous_21)
FNDA:0,(anonymous_22)
FNDA:0,process
FNDA:0,(anonymous_24)
FNDA:0,(anonymous_25)
FNDA:0,addLocal
FNDA:0,(anonymous_27)
FNDA:0,removeLocal
FNDA:0,(anonymous_29)
FNDA:0,buy
FNDA:0,(anonymous_31)
FNDA:0,getPurchases
FNDA:0,(anonymous_33)
FNDA:0,(anonymous_34)
FNDA:0,getBudgetInformation
FNDA:0,(anonymous_36)
DA:1,1
DA:4,1
DA:7,1
DA:9,1
DA:11,0
DA:12,0
DA:14,0
DA:15,0
DA:18,0
DA:19,0
DA:22,0
DA:23,0
DA:26,0
DA:27,0
DA:28,0
DA:29,0
DA:30,0
DA:31,0
DA:32,0
DA:33,0
DA:35,0
DA:46,1
DA:48,0
DA:53,0
DA:55,0
DA:59,0
DA:60,0
DA:61,0
DA:66,1
DA:67,0
DA:68,0
DA:69,0
DA:71,0
DA:80,1
DA:81,0
DA:82,0
DA:95,1
DA:96,0
DA:99,0
DA:100,0
DA:103,0
DA:106,0
DA:108,1
DA:110,0
DA:111,0
DA:112,0
DA:114,0
DA:117,1
DA:118,0
DA:119,0
DA:122,0
DA:132,1
DA:133,0
DA:134,0
DA:135,0
DA:178,1
DA:180,0
DA:183,0
DA:185,0
DA:187,1
DA:188,0
DA:189,0
DA:192,0
DA:199,1
DA:200,0
DA:201,0
DA:202,0
DA:205,0
DA:208,1
DA:209,0
DA:211,0
DA:212,0
DA:213,0
DA:214,0
DA:220,0
DA:224,1
DA:225,0
DA:230,0
DA:231,0
DA:232,0
DA:233,0
DA:235,0
DA:240,0
DA:247,1
DA:248,0
DA:251,0
DA:253,0
DA:254,0
DA:255,0
DA:256,0
DA:279,1
DA:280,0
DA:283,0
DA:284,0
DA:286,0
DA:289,0
DA:291,0
DA:292,0
DA:293,0
DA:294,0
DA:307,1
DA:310,0
DA:313,0
DA:315,0
DA:316,0
DA:318,0
DA:320,0
DA:321,0
DA:325,0
DA:328,1
DA:329,0
DA:334,0
DA:336,0
DA:340,0
DA:341,0
DA:345,0
DA:348,1
DA:350,0
DA:353,0
DA:354,0
DA:356,0
DA:357,0
DA:358,0
DA:359,0
DA:361,0
DA:363,0
DA:364,0
DA:365,0
DA:366,0
DA:369,0
DA:370,0
DA:371,0
DA:372,0
DA:373,0
DA:376,0
DA:385,0
LF:136
LH:21
BRDA:99,1,0,0
BRDA:99,1,1,0
BRDA:111,2,0,0
BRDA:111,2,1,0
BRDA:213,3,0,0
BRDA:213,3,1,0
BRDA:232,4,0,0
BRDA:232,4,1,0
BRDA:283,5,0,0
BRDA:283,5,1,0
BRDA:283,6,0,0
BRDA:283,6,1,0
BRF:12
BRH:0
end_of_record
TN:
SF:/Users/jamessherry/Sites/ka2/client/services/socket/socket.mock.js
FN:4,(anonymous_1)
FNF:1
FNH:0
FNDA:0,(anonymous_1)
DA:3,1
DA:6,0
LF:2
LH:1
BRF:0
BRH:0
end_of_record
TN:
SF:/Users/jamessherry/Sites/ka2/client/services/transaction/transaction.js
FN:1,(anonymous_1)
FN:9,Transaction
FN:11,getPurchases
FN:20,(anonymous_4)
FN:21,(anonymous_5)
FN:29,getBudgetInformation
FN:38,(anonymous_7)
FNF:7
FNH:1
FNDA:1,(anonymous_1)
FNDA:0,Transaction
FNDA:0,getPurchases
FNDA:0,(anonymous_4)
FNDA:0,(anonymous_5)
FNDA:0,getBudgetInformation
FNDA:0,(anonymous_7)
DA:1,1
DA:4,1
DA:7,1
DA:9,1
DA:11,1
DA:12,0
DA:17,0
DA:21,0
DA:22,0
DA:26,0
DA:29,1
DA:31,0
DA:35,0
DA:36,0
DA:38,0
DA:39,0
DA:40,0
DA:41,0
DA:42,0
DA:44,0
DA:47,0
DA:48,0
DA:49,0
DA:50,0
DA:51,0
DA:56,0
DA:57,0
DA:60,0
DA:61,0
DA:62,0
DA:63,0
DA:64,0
DA:68,0
DA:69,0
DA:70,0
DA:71,0
DA:72,0
DA:73,0
DA:75,0
DA:80,0
DA:87,0
DA:96,0
DA:100,0
LF:43
LH:6
BRDA:50,1,0,0
BRDA:50,1,1,0
BRDA:70,2,0,0
BRDA:70,2,1,0
BRDA:72,3,0,0
BRDA:72,3,1,0
BRF:6
BRH:0
end_of_record
TN:
SF:/Users/jamessherry/Sites/ka2/client/directives/gravatar-conf/gravatar.conf.js
FN:4,(anonymous_1)
FNF:1
FNH:1
FNDA:10,(anonymous_1)
DA:3,1
DA:5,10
DA:11,10
DA:14,10
LF:4
LH:4
BRF:0
BRH:0
end_of_record
TN:
SF:/Users/jamessherry/Sites/ka2/client/directives/ingredient-form/ingredient-form.directive.js
FN:4,(anonymous_1)
FNF:1
FNH:0
FNDA:0,(anonymous_1)
DA:3,1
DA:5,0
LF:2
LH:1
BRF:0
BRH:0
end_of_record
TN:
SF:/Users/jamessherry/Sites/ka2/client/directives/nav-bar/nav-bar.directive.js
FN:4,(anonymous_1)
FNF:1
FNH:0
FNDA:0,(anonymous_1)
DA:3,1
DA:5,0
LF:2
LH:1
BRF:0
BRH:0
end_of_record
TN:
SF:/Users/jamessherry/Sites/ka2/client/directives/numbersOnly/numbersOnly.directive.js
FN:4,(anonymous_1)
FN:8,(anonymous_2)
FN:11,(anonymous_3)
FNF:3
FNH:0
FNDA:0,(anonymous_1)
FNDA:0,(anonymous_2)
FNDA:0,(anonymous_3)
DA:3,1
DA:5,0
DA:11,0
DA:13,0
DA:15,0
DA:16,0
DA:17,0
DA:20,0
LF:8
LH:1
BRDA:15,1,0,0
BRDA:15,1,1,0
BRF:2
BRH:0
end_of_record
TN:
SF:/Users/jamessherry/Sites/ka2/client/directives/recipe-form/recipe-form.directive.js
FN:4,(anonymous_1)
FNF:1
FNH:0
FNDA:0,(anonymous_1)
DA:3,1
DA:5,0
LF:2
LH:1
BRF:0
BRH:0
end_of_record
